=~=~=~=~=~=~=~=~=~=~=~= PuTTY log 2013.12.03 21:04:15 =~=~=~=~=~=~=~=~=~=~=~=
ls[K[Kcd 350
kozmacm@saluda:~/350$ ls
a.out  data  main.cpp
kozmacm@saluda:~/350$ ./a.out
Reading input file: data/001_template.dat
Reading input file: data/001_AU01_query.dat
0.426736 - Index: 7
0.423529 - Index: 2
0.422017 - Index: 37
0.42094 - Index: 32
0.414205 - Index: 18
0.412088 - Index: 118
0.407937 - Index: 115
0.407394 - Index: 125
0.406872 - Index: 40
0.405498 - Index: 90

Reading input file: data/001_template.dat
Reading input file: data/001_AU12_query.dat
0.517193 - Index: 40
0.517137 - Index: 2
0.51248 - Index: 37
0.495798 - Index: 90
0.488711 - Index: 74
0.488521 - Index: 134
0.482342 - Index: 118
0.477924 - Index: 86
0.472903 - Index: 32
0.465927 - Index: 105

Reading input file: data/001_template.dat
Reading input file: data/001_AU17_query.dat
0.462934 - Index: 5
0.453913 - Index: 130
0.441572 - Index: 114
0.435934 - Index: 70
0.435755 - Index: 117
0.427402 - Index: 35
0.423894 - Index: 1
0.42169 - Index: 55
0.42169 - Index: 54
0.419778 - Index: 85

Reading input file: data/002_template.dat
Reading input file: data/002_AU01_query.dat
0.47524 - Index: 3
0.47524 - Index: 4
0.463927 - Index: 8
0.460817 - Index: 6
0.452896 - Index: 71
0.442112 - Index: 113
0.436886 - Index: 127
0.435003 - Index: 48
0.433176 - Index: 59
0.432754 - Index: 40

Reading input file: data/002_template.dat
Reading input file: data/002_AU12_query.dat
0.517137 - Index: 2
0.511991 - Index: 134
0.503595 - Index: 127
0.479963 - Index: 86
0.479865 - Index: 69
0.47146 - Index: 74
0.4693 - Index: 7
0.466008 - Index: 40
0.464723 - Index: 37
0.46128 - Index: 12

Reading input file: data/002_template.dat
Reading input file: data/002_AU17_query.dat
0.459959 - Index: 5
0.451929 - Index: 8
0.4494 - Index: 29
0.437144 - Index: 6
0.435702 - Index: 103
0.435702 - Index: 102
0.435355 - Index: 133
0.430776 - Index: 127
0.430205 - Index: 54
0.430205 - Index: 55

Reading input file: data/003_template.dat
Reading input file: data/003_AU01_query.dat
0.52345 - Index: 6
0.519857 - Index: 9
0.504172 - Index: 84
0.501696 - Index: 116
0.49945 - Index: 113
0.489094 - Index: 72
0.480159 - Index: 92
0.47524 - Index: 3
0.470271 - Index: 50
0.468973 - Index: 28

Reading input file: data/003_template.dat
Reading input file: data/003_AU12_query.dat
0.52345 - Index: 6
0.519857 - Index: 9
0.504172 - Index: 84
0.501696 - Index: 116
0.49945 - Index: 113
0.489094 - Index: 72
0.480159 - Index: 92
0.47524 - Index: 3
0.470271 - Index: 50
0.468973 - Index: 28

Reading input file: data/003_template.dat
Reading input file: data/003_AU17_query.dat
0.532777 - Index: 130
0.516234 - Index: 114
0.512027 - Index: 54
0.512027 - Index: 55
0.496604 - Index: 129
0.496372 - Index: 36
0.480108 - Index: 8
0.473898 - Index: 6
0.462934 - Index: 1
0.460922 - Index: 14

Reading input file: data/004_template.dat
Reading input file: data/004_AU01_query.dat
0.585614 - Index: 68
0.566872 - Index: 84
0.556135 - Index: 48
0.549484 - Index: 92
0.547065 - Index: 113
0.546066 - Index: 50
0.544378 - Index: 34
0.540504 - Index: 123
0.533478 - Index: 116
0.526582 - Index: 60

Reading input file: data/004_template.dat
Reading input file: data/004_AU12_query.dat
0.627849 - Index: 104
0.584869 - Index: 127
0.582415 - Index: 125
0.556351 - Index: 69
0.555623 - Index: 110
0.552845 - Index: 49
0.543983 - Index: 58
0.541685 - Index: 12
0.541075 - Index: 42
0.529351 - Index: 90

Reading input file: data/004_template.dat
Reading input file: data/004_AU17_query.dat
0.578885 - Index: 124
0.567499 - Index: 102
0.567499 - Index: 103
0.550004 - Index: 38
0.541772 - Index: 59
0.539326 - Index: 104
0.53465 - Index: 60
0.531641 - Index: 85
0.530379 - Index: 130
0.526262 - Index: 114

Reading input file: data/005_template.dat
Reading input file: data/005_AU01_query.dat
0.546914 - Index: 87
0.519857 - Index: 6
0.519857 - Index: 7
0.509392 - Index: 9
0.489214 - Index: 113
0.48888 - Index: 60
0.487806 - Index: 84
0.486777 - Index: 92
0.481571 - Index: 41
0.478013 - Index: 64

Reading input file: data/005_template.dat
Reading input file: data/005_AU12_query.dat
0.54502 - Index: 18
0.545012 - Index: 115
0.533055 - Index: 94
0.519957 - Index: 118
0.515692 - Index: 62
0.514222 - Index: 56
0.513934 - Index: 40
0.50381 - Index: 53
0.500771 - Index: 63
0.49852 - Index: 78

Reading input file: data/005_template.dat
Reading input file: data/005_AU17_query.dat
0.47566 - Index: 93
0.458351 - Index: 61
0.430176 - Index: 56
0.421649 - Index: 89
0.417782 - Index: 54
0.417782 - Index: 55
0.415042 - Index: 43
0.414609 - Index: 129
0.414135 - Index: 26
0.411196 - Index: 91

Reading input file: data/006_template.dat
Reading input file: data/006_AU01_query.dat
0.549901 - Index: 113
0.523268 - Index: 16
0.51907 - Index: 48
0.507244 - Index: 9
0.506806 - Index: 76
0.491489 - Index: 68
0.481628 - Index: 84
0.47973 - Index: 52
0.47973 - Index: 51
0.474132 - Index: 17

Reading input file: data/006_template.dat
Reading input file: data/006_AU12_query.dat
0.567225 - Index: 127
0.564544 - Index: 90
0.562227 - Index: 86
0.552159 - Index: 40
0.551122 - Index: 49
0.550494 - Index: 37
0.544713 - Index: 134
0.541685 - Index: 10
0.538918 - Index: 78
0.525447 - Index: 62

Reading input file: data/006_template.dat
Reading input file: data/006_AU17_query.dat
0.796596 - Index: 15
0.547982 - Index: 16
0.508482 - Index: 61
0.487228 - Index: 62
0.481333 - Index: 93
0.467462 - Index: 36
0.464948 - Index: 114
0.462744 - Index: 130
0.460922 - Index: 8
0.458889 - Index: 126

Reading input file: data/007_template.dat
Reading input file: data/007_AU01_query.dat
0.58077 - Index: 76
0.555755 - Index: 113
0.549863 - Index: 25
0.546063 - Index: 38
0.544098 - Index: 68
0.540085 - Index: 72
0.52069 - Index: 119
0.50894 - Index: 34
0.502946 - Index: 131
0.500567 - Index: 46

Reading input file: data/007_template.dat
Reading input file: data/007_AU12_query.dat
0.572244 - Index: 78
0.547982 - Index: 17
0.537743 - Index: 53
0.537462 - Index: 62
0.535201 - Index: 18
0.529934 - Index: 45
0.523268 - Index: 16
0.517828 - Index: 115
0.487665 - Index: 126
0.481147 - Index: 94

Reading input file: data/007_template.dat
Reading input file: data/007_AU17_query.dat
0.796596 - Index: 17
0.531773 - Index: 61
0.472313 - Index: 126
0.470884 - Index: 62
0.466514 - Index: 36
0.464847 - Index: 114
0.460581 - Index: 16
0.460161 - Index: 93
0.455068 - Index: 129
0.450491 - Index: 89

Reading input file: data/008_template.dat
Reading input file: data/008_AU01_query.dat
0.491411 - Index: 106
0.471385 - Index: 68
0.448569 - Index: 20
0.447887 - Index: 34
0.444886 - Index: 76
0.42832 - Index: 116
0.424754 - Index: 72
0.418556 - Index: 81
0.418543 - Index: 46
0.415244 - Index: 16

Reading input file: data/008_template.dat
Reading input file: data/008_AU12_query.dat
0.634026 - Index: 62
0.588473 - Index: 115
0.584807 - Index: 40
0.555299 - Index: 105
0.548144 - Index: 78
0.54502 - Index: 14
0.542638 - Index: 86
0.535201 - Index: 19
0.531837 - Index: 53
0.530789 - Index: 94

Reading input file: data/008_template.dat
Reading input file: data/008_AU17_query.dat
0.54688 - Index: 21
0.471824 - Index: 77
0.465844 - Index: 78
0.457323 - Index: 107
0.452947 - Index: 83
0.450805 - Index: 49
0.450278 - Index: 62
0.449513 - Index: 17
0.447634 - Index: 115
0.445465 - Index: 108

Reading input file: data/009_template.dat
Reading input file: data/009_AU01_query.dat
0.424286 - Index: 48
0.417487 - Index: 96
0.410465 - Index: 9
0.396426 - Index: 11
0.389026 - Index: 38
0.378243 - Index: 41
0.378052 - Index: 35
0.376797 - Index: 123
0.371591 - Index: 106
0.367454 - Index: 121

Reading input file: data/009_template.dat
Reading input file: data/009_AU12_query.dat
0.553128 - Index: 78
0.54688 - Index: 23
0.528041 - Index: 63
0.519295 - Index: 42
0.513135 - Index: 21
0.502727 - Index: 40
0.485104 - Index: 32
0.482471 - Index: 82
0.476278 - Index: 19
0.475633 - Index: 86

Reading input file: data/009_template.dat
Reading input file: data/009_AU17_query.dat
0.620706 - Index: 24
0.43565 - Index: 41
0.427931 - Index: 26
0.4273 - Index: 35
0.421381 - Index: 130
0.418015 - Index: 80
0.415875 - Index: 114
0.414423 - Index: 52
0.414423 - Index: 51
0.408461 - Index: 49

Reading input file: data/010_template.dat
Reading input file: data/010_AU01_query.dat
0.569361 - Index: 76
0.56834 - Index: 38
0.549863 - Index: 20
0.534623 - Index: 84
0.519804 - Index: 116
0.501971 - Index: 124
0.493537 - Index: 11
0.483476 - Index: 34
0.481209 - Index: 68
0.478338 - Index: 123

Reading input file: data/010_template.dat
Reading input file: data/010_AU12_query.dat
0.620706 - Index: 26
0.472799 - Index: 90
0.47201 - Index: 40
0.471032 - Index: 49
0.460678 - Index: 86
0.456357 - Index: 134
0.440848 - Index: 122
0.440791 - Index: 42
0.439667 - Index: 58
0.427188 - Index: 15

Reading input file: data/010_template.dat
Reading input file: data/010_AU17_query.dat
0.525085 - Index: 114
0.513061 - Index: 130
0.499393 - Index: 54
0.499393 - Index: 55
0.491107 - Index: 85
0.479846 - Index: 47
0.476495 - Index: 51
0.476495 - Index: 52
0.471517 - Index: 135
0.471517 - Index: 136

Reading input file: data/011_template.dat
Reading input file: data/011_AU01_query.dat
0.476552 - Index: 92
0.468973 - Index: 6
0.468973 - Index: 7
0.462687 - Index: 37
0.456103 - Index: 52
0.456103 - Index: 51
0.44416 - Index: 9
0.436657 - Index: 116
0.430654 - Index: 84
0.429587 - Index: 123

Reading input file: data/011_template.dat
Reading input file: data/011_AU12_query.dat
0.476552 - Index: 92
0.468973 - Index: 6
0.468973 - Index: 7
0.462687 - Index: 37
0.456103 - Index: 52
0.456103 - Index: 51
0.44416 - Index: 9
0.436657 - Index: 116
0.430654 - Index: 84
0.429587 - Index: 123

Reading input file: data/011_template.dat
Reading input file: data/011_AU17_query.dat
0.496554 - Index: 136
0.496554 - Index: 135
0.478886 - Index: 124
0.472853 - Index: 116
0.468924 - Index: 70
0.46806 - Index: 73
0.455948 - Index: 11
0.453739 - Index: 38
0.4494 - Index: 4
0.448508 - Index: 132

Reading input file: data/012_template.dat
Reading input file: data/012_AU01_query.dat
0.497064 - Index: 68
0.464364 - Index: 124
0.4565 - Index: 84
0.454612 - Index: 123
0.445283 - Index: 111
0.445065 - Index: 120
0.445065 - Index: 121
0.444641 - Index: 51
0.444641 - Index: 52
0.444312 - Index: 11

Reading input file: data/012_template.dat
Reading input file: data/012_AU12_query.dat
0.540424 - Index: 78
0.51597 - Index: 42
0.508341 - Index: 134
0.49933 - Index: 49
0.498853 - Index: 82
0.490736 - Index: 10
0.488027 - Index: 37
0.485104 - Index: 24
0.483984 - Index: 40
0.474679 - Index: 53

Reading input file: data/012_template.dat
Reading input file: data/012_AU17_query.dat
0.497064 - Index: 68
0.464364 - Index: 124
0.4565 - Index: 84
0.454612 - Index: 123
0.445283 - Index: 111
0.445065 - Index: 120
0.445065 - Index: 121
0.444641 - Index: 51
0.444641 - Index: 52
0.444312 - Index: 11

Reading input file: data/013_template.dat
Reading input file: data/013_AU01_query.dat
0.581734 - Index: 84
0.576525 - Index: 68
0.56933 - Index: 48
0.547649 - Index: 50
0.544378 - Index: 9
0.52984 - Index: 57
0.527924 - Index: 113
0.521491 - Index: 38
0.515601 - Index: 116
0.510201 - Index: 123

Reading input file: data/013_template.dat
Reading input file: data/013_AU12_query.dat
0.554937 - Index: 94
0.547272 - Index: 115
0.526567 - Index: 89
0.516571 - Index: 62
0.515026 - Index: 56
0.49319 - Index: 53
0.490961 - Index: 37
0.490495 - Index: 110
0.49008 - Index: 86
0.488599 - Index: 14

Reading input file: data/013_template.dat
Reading input file: data/013_AU17_query.dat
0.548466 - Index: 49
0.546677 - Index: 136
0.546677 - Index: 135
0.546187 - Index: 85
0.545266 - Index: 124
0.526206 - Index: 70
0.526149 - Index: 11
0.516903 - Index: 52
0.516903 - Index: 51
0.511842 - Index: 9

Reading input file: data/014_template.dat
Reading input file: data/014_AU01_query.dat
0.585719 - Index: 116
0.582894 - Index: 68
0.56834 - Index: 28
0.564557 - Index: 123
0.563799 - Index: 84
0.55448 - Index: 92
0.550004 - Index: 11
0.548446 - Index: 124
0.546214 - Index: 76
0.54613 - Index: 48

Reading input file: data/014_template.dat
Reading input file: data/014_AU12_query.dat
0.566093 - Index: 134
0.564072 - Index: 86
0.563411 - Index: 40
0.556657 - Index: 115
0.55532 - Index: 49
0.550494 - Index: 15
0.536928 - Index: 105
0.529482 - Index: 90
0.529238 - Index: 78
0.524183 - Index: 21

Reading input file: data/014_template.dat
Reading input file: data/014_AU17_query.dat
0.570033 - Index: 114
0.568127 - Index: 129
0.546602 - Index: 130
0.535135 - Index: 115
0.514272 - Index: 56
0.501163 - Index: 126
0.498526 - Index: 53
0.496628 - Index: 89
0.496372 - Index: 8
0.495475 - Index: 62

Reading input file: data/015_template.dat
Reading input file: data/015_AU01_query.dat
0.531867 - Index: 64
0.525826 - Index: 11
0.525259 - Index: 9
0.506427 - Index: 48
0.50199 - Index: 71
0.489541 - Index: 114
0.481571 - Index: 12
0.481313 - Index: 96
0.480752 - Index: 60
0.478824 - Index: 113

Reading input file: data/015_template.dat
Reading input file: data/015_AU12_query.dat
0.619567 - Index: 86
0.604417 - Index: 105
0.585832 - Index: 62
0.584807 - Index: 21
0.579039 - Index: 115
0.578457 - Index: 90
0.563411 - Index: 40
0.557508 - Index: 49
0.552159 - Index: 15
0.548422 - Index: 56

Reading input file: data/015_template.dat
Reading input file: data/015_AU17_query.dat
0.336548 - Index: 97
0.336009 - Index: 109
0.335508 - Index: 111
0.329047 - Index: 133
0.32154 - Index: 47
0.320541 - Index: 117
0.319302 - Index: 132
0.319197 - Index: 112
0.316761 - Index: 127
0.315396 - Index: 65

Reading input file: data/016_template.dat
Reading input file: data/016_AU01_query.dat
0.51727 - Index: 114
0.492698 - Index: 62
0.485432 - Index: 129
0.481979 - Index: 130
0.47657 - Index: 44
0.467547 - Index: 56
0.465139 - Index: 89
0.45962 - Index: 21
0.458528 - Index: 126
0.458115 - Index: 60

Reading input file: data/016_template.dat
Reading input file: data/016_AU12_query.dat
0.586065 - Index: 94
0.580145 - Index: 53
0.576833 - Index: 49
0.561381 - Index: 122
0.561276 - Index: 58
0.548362 - Index: 69
0.546883 - Index: 134
0.545184 - Index: 43
0.541075 - Index: 10
0.540856 - Index: 110

Reading input file: data/016_template.dat
Reading input file: data/016_AU17_query.dat
0.506269 - Index: 136
0.506269 - Index: 135
0.47473 - Index: 124
0.449095 - Index: 125
0.443871 - Index: 116
0.438673 - Index: 63
0.437133 - Index: 11
0.436562 - Index: 52
0.436562 - Index: 51
0.434191 - Index: 38

Reading input file: data/017_template.dat
Reading input file: data/017_AU01_query.dat
0.542911 - Index: 41
0.522163 - Index: 48
0.520194 - Index: 84
0.508407 - Index: 123
0.506127 - Index: 119
0.500567 - Index: 20
0.4991 - Index: 68
0.487428 - Index: 60
0.487423 - Index: 37
0.482291 - Index: 113

Reading input file: data/017_template.dat
Reading input file: data/017_AU12_query.dat
0.529934 - Index: 19
0.522712 - Index: 115
0.508886 - Index: 56
0.491803 - Index: 94
0.485696 - Index: 129
0.478957 - Index: 126
0.478923 - Index: 62
0.473746 - Index: 36
0.472522 - Index: 53
0.45364 - Index: 114

Reading input file: data/017_template.dat
Reading input file: data/017_AU17_query.dat
0.529631 - Index: 132
0.521045 - Index: 133
0.517999 - Index: 117
0.510774 - Index: 41
0.510396 - Index: 112
0.501866 - Index: 124
0.501786 - Index: 111
0.5003 - Index: 91
0.498004 - Index: 90
0.497589 - Index: 85

Reading input file: data/018_template.dat
Reading input file: data/018_AU01_query.dat
0.577353 - Index: 84
0.56933 - Index: 37
0.556135 - Index: 9
0.55489 - Index: 113
0.554754 - Index: 68
0.54613 - Index: 41
0.529426 - Index: 123
0.526253 - Index: 60
0.522163 - Index: 49
0.51907 - Index: 16

Reading input file: data/018_template.dat
Reading input file: data/018_AU12_query.dat
0.576833 - Index: 45
0.567256 - Index: 127
0.561974 - Index: 125
0.560841 - Index: 86
0.557508 - Index: 43
0.55532 - Index: 40
0.552845 - Index: 10
0.552374 - Index: 69
0.551122 - Index: 15
0.548466 - Index: 38

Reading input file: data/018_template.dat
Reading input file: data/018_AU17_query.dat
0.565268 - Index: 52
0.565268 - Index: 51
0.547649 - Index: 37
0.546066 - Index: 9
0.535326 - Index: 60
0.527838 - Index: 84
0.52342 - Index: 68
0.519536 - Index: 92
0.51335 - Index: 85
0.511879 - Index: 70

Reading input file: data/019_template.dat
Reading input file: data/019_AU01_query.dat
0.565268 - Index: 53
0.547188 - Index: 136
0.547188 - Index: 135
0.544415 - Index: 70
0.541877 - Index: 84
0.527469 - Index: 123
0.526045 - Index: 68
0.519436 - Index: 124
0.518097 - Index: 9
0.516903 - Index: 38

Reading input file: data/019_template.dat
Reading input file: data/019_AU12_query.dat
0.663209 - Index: 94
0.583342 - Index: 56
0.582895 - Index: 62
0.580145 - Index: 45
0.575838 - Index: 115
0.537743 - Index: 19
0.53559 - Index: 52
0.531837 - Index: 21
0.529014 - Index: 134
0.528189 - Index: 43

Reading input file: data/019_template.dat
Reading input file: data/019_AU17_query.dat
0.565268 - Index: 53
0.547188 - Index: 136
0.547188 - Index: 135
0.544415 - Index: 70
0.541877 - Index: 84
0.527469 - Index: 123
0.526045 - Index: 68
0.519436 - Index: 124
0.518097 - Index: 9
0.516903 - Index: 38

Reading input file: data/020_template.dat
Reading input file: data/020_AU01_query.dat
0.54179 - Index: 130
0.525209 - Index: 11
0.515083 - Index: 62
0.512027 - Index: 8
0.507231 - Index: 114
0.504123 - Index: 133
0.503704 - Index: 124
0.502311 - Index: 135
0.502311 - Index: 136
0.500935 - Index: 85

Reading input file: data/020_template.dat
Reading input file: data/020_AU12_query.dat
0.634881 - Index: 62
0.61228 - Index: 115
0.583342 - Index: 56
0.568209 - Index: 94
0.556876 - Index: 129
0.548422 - Index: 43
0.535054 - Index: 105
0.51817 - Index: 21
0.51729 - Index: 114
0.515026 - Index: 36

Reading input file: data/020_template.dat
Reading input file: data/020_AU17_query.dat
0.54179 - Index: 130
0.525209 - Index: 11
0.515083 - Index: 62
0.512027 - Index: 8
0.507231 - Index: 114
0.504123 - Index: 133
0.503704 - Index: 124
0.502311 - Index: 135
0.502311 - Index: 136
0.500935 - Index: 85

Reading input file: data/021_template.dat
Reading input file: data/021_AU01_query.dat
0.606073 - Index: 84
0.52984 - Index: 37
0.526223 - Index: 9
0.515477 - Index: 51
0.507203 - Index: 68
0.506306 - Index: 106
0.500253 - Index: 81
0.498265 - Index: 53
0.49393 - Index: 113
0.492257 - Index: 123

Reading input file: data/021_template.dat
Reading input file: data/021_AU12_query.dat
0.591855 - Index: 90
0.561276 - Index: 45
0.555012 - Index: 82
0.543983 - Index: 10
0.53834 - Index: 104
0.525913 - Index: 43
0.521886 - Index: 74
0.510514 - Index: 63
0.502346 - Index: 86
0.50105 - Index: 15

Reading input file: data/021_template.dat
Reading input file: data/021_AU17_query.dat
0.541772 - Index: 11
0.5336 - Index: 41
0.517096 - Index: 70
0.515293 - Index: 124
0.512785 - Index: 103
0.512785 - Index: 102
0.509792 - Index: 88
0.505304 - Index: 60
0.500515 - Index: 130
0.499665 - Index: 84

Reading input file: data/022_template.dat
Reading input file: data/022_AU01_query.dat
0.535326 - Index: 53
0.53465 - Index: 11
0.533972 - Index: 124
0.532786 - Index: 84
0.529402 - Index: 113
0.526582 - Index: 9
0.526253 - Index: 51
0.513159 - Index: 41
0.51109 - Index: 55
0.51109 - Index: 54

Reading input file: data/022_template.dat
Reading input file: data/022_AU12_query.dat
0.671814 - Index: 115
0.634881 - Index: 59
0.634026 - Index: 21
0.585832 - Index: 43
0.582895 - Index: 56
0.577136 - Index: 94
0.57686 - Index: 129
0.555359 - Index: 114
0.553944 - Index: 89
0.551271 - Index: 86

Reading input file: data/022_template.dat
Reading input file: data/022_AU17_query.dat
0.547689 - Index: 93
0.531773 - Index: 18
0.508482 - Index: 17
0.499635 - Index: 114
0.491066 - Index: 115
0.484805 - Index: 59
0.47885 - Index: 91
0.477663 - Index: 129
0.46977 - Index: 50
0.469494 - Index: 39

Reading input file: data/023_template.dat
Reading input file: data/023_AU01_query.dat
0.531867 - Index: 44
0.499201 - Index: 67
0.47935 - Index: 63
0.478521 - Index: 9
0.478013 - Index: 12
0.456189 - Index: 11
0.453877 - Index: 87
0.452686 - Index: 65
0.442997 - Index: 84
0.441016 - Index: 58

Reading input file: data/023_template.dat
Reading input file: data/023_AU12_query.dat
0.585124 - Index: 118
0.563661 - Index: 90
0.558492 - Index: 86
0.553169 - Index: 74
0.532067 - Index: 78
0.528041 - Index: 24
0.526504 - Index: 94
0.523034 - Index: 43
0.522115 - Index: 104
0.520067 - Index: 134

Reading input file: data/023_template.dat
Reading input file: data/023_AU17_query.dat
0.55424 - Index: 66
0.468468 - Index: 67
0.41274 - Index: 133
0.410888 - Index: 112
0.406677 - Index: 50
0.393362 - Index: 132
0.387799 - Index: 43
0.381912 - Index: 97
0.381843 - Index: 60
0.381331 - Index: 57

Reading input file: data/024_template.dat
Reading input file: data/024_AU01_query.dat
0.608824 - Index: 84
0.607168 - Index: 116
0.588797 - Index: 106
0.585614 - Index: 9
0.583623 - Index: 123
0.582894 - Index: 41
0.582252 - Index: 92
0.576525 - Index: 37
0.565711 - Index: 70
0.554754 - Index: 51

Reading input file: data/024_template.dat
Reading input file: data/024_AU12_query.dat
0.53064 - Index: 65
0.502227 - Index: 43
0.499201 - Index: 67
0.493441 - Index: 59
0.48635 - Index: 21
0.48531 - Index: 105
0.476308 - Index: 56
0.468468 - Index: 68
0.466272 - Index: 86
0.463222 - Index: 115

Reading input file: data/024_template.dat
Reading input file: data/024_AU17_query.dat
0.55424 - Index: 68
0.424343 - Index: 57
0.424343 - Index: 58
0.414472 - Index: 67
0.412669 - Index: 59
0.375662 - Index: 129
0.372688 - Index: 115
0.370082 - Index: 56
0.36958 - Index: 126
0.36671 - Index: 130

Reading input file: data/025_template.dat
Reading input file: data/025_AU01_query.dat
0.50199 - Index: 44
0.496659 - Index: 63
0.491083 - Index: 41
0.488804 - Index: 11
0.48541 - Index: 104
0.471374 - Index: 90
0.469571 - Index: 9
0.467606 - Index: 92
0.464324 - Index: 51
0.463103 - Index: 102

Reading input file: data/025_template.dat
Reading input file: data/025_AU12_query.dat
0.620437 - Index: 110
0.559058 - Index: 134
0.556351 - Index: 10
0.552374 - Index: 52
0.548362 - Index: 45
0.536137 - Index: 124
0.532134 - Index: 125
0.527904 - Index: 127
0.524477 - Index: 15
0.519764 - Index: 86

Reading input file: data/025_template.dat
Reading input file: data/025_AU17_query.dat
0.584594 - Index: 124
0.577252 - Index: 135
0.577252 - Index: 136
0.565711 - Index: 71
0.55707 - Index: 133
0.550788 - Index: 108
0.546544 - Index: 110
0.544415 - Index: 54
0.544415 - Index: 55
0.543852 - Index: 111

Reading input file: data/026_template.dat
Reading input file: data/026_AU01_query.dat
0.540085 - Index: 20
0.532692 - Index: 116
0.525703 - Index: 92
0.510136 - Index: 113
0.504302 - Index: 41
0.500117 - Index: 71
0.490227 - Index: 84
0.489094 - Index: 6
0.489094 - Index: 7
0.475011 - Index: 28

Reading input file: data/026_template.dat
Reading input file: data/026_AU12_query.dat
0.582672 - Index: 82
0.571202 - Index: 90
0.553169 - Index: 66
0.542533 - Index: 134
0.538823 - Index: 118
0.521886 - Index: 61
0.520221 - Index: 10
0.515848 - Index: 86
0.510668 - Index: 104
0.497954 - Index: 110

Reading input file: data/026_template.dat
Reading input file: data/026_AU17_query.dat
0.552427 - Index: 132
0.534357 - Index: 41
0.523454 - Index: 111
0.522452 - Index: 112
0.504772 - Index: 136
0.504772 - Index: 135
0.502268 - Index: 124
0.500659 - Index: 102
0.500659 - Index: 103
0.49261 - Index: 116

Reading input file: data/027_template.dat
Reading input file: data/027_AU01_query.dat
0.58077 - Index: 20
0.569361 - Index: 28
0.546214 - Index: 41
0.544483 - Index: 71
0.540187 - Index: 113
0.519927 - Index: 84
0.509957 - Index: 37
0.506806 - Index: 16
0.503661 - Index: 131
0.49476 - Index: 116

Reading input file: data/027_template.dat
Reading input file: data/027_AU12_query.dat
0.480354 - Index: 45
0.474569 - Index: 24
0.455268 - Index: 66
0.435932 - Index: 35
0.428632 - Index: 10
0.420381 - Index: 78
0.419385 - Index: 61
0.412913 - Index: 118
0.410751 - Index: 86
0.407916 - Index: 43

Reading input file: data/027_template.dat
Reading input file: data/027_AU17_query.dat
0.513614 - Index: 21
0.4857 - Index: 94
0.481051 - Index: 78
0.480418 - Index: 65
0.478594 - Index: 115
0.478033 - Index: 19
0.473315 - Index: 114
0.471824 - Index: 23
0.467786 - Index: 29
0.467196 - Index: 124

Reading input file: data/028_template.dat
Reading input file: data/028_AU01_query.dat
0.498509 - Index: 123
0.497218 - Index: 84
0.493161 - Index: 54
0.493161 - Index: 55
0.487787 - Index: 101
0.48035 - Index: 60
0.480209 - Index: 53
0.468302 - Index: 113
0.46829 - Index: 16
0.465035 - Index: 71

Reading input file: data/028_template.dat
Reading input file: data/028_AU12_query.dat
0.572244 - Index: 19
0.553128 - Index: 24
0.548144 - Index: 21
0.547102 - Index: 65
0.540424 - Index: 35
0.538918 - Index: 15
0.533819 - Index: 52
0.532067 - Index: 66
0.529238 - Index: 40
0.527774 - Index: 134

Reading input file: data/028_template.dat
Reading input file: data/028_AU17_query.dat
0.543966 - Index: 52
0.533566 - Index: 124
0.529142 - Index: 43
0.517661 - Index: 11
0.515763 - Index: 54
0.515763 - Index: 55
0.514191 - Index: 107
0.513979 - Index: 88
0.504712 - Index: 56
0.503952 - Index: 114

Reading input file: data/029_template.dat
Reading input file: data/029_AU01_query.dat
0.500253 - Index: 60
0.481573 - Index: 37
0.466297 - Index: 123
0.465848 - Index: 53
0.459661 - Index: 84
0.446072 - Index: 79
0.446054 - Index: 113
0.440682 - Index: 71
0.440267 - Index: 54
0.440267 - Index: 55

Reading input file: data/029_template.dat
Reading input file: data/029_AU12_query.dat
0.582672 - Index: 77
0.567782 - Index: 90
0.555012 - Index: 61
0.528225 - Index: 104
0.514088 - Index: 45
0.512654 - Index: 134
0.506396 - Index: 81
0.502346 - Index: 15
0.498853 - Index: 35
0.498056 - Index: 110

Reading input file: data/029_template.dat
Reading input file: data/029_AU17_query.dat
0.459726 - Index: 85
0.452947 - Index: 23
0.452924 - Index: 80
0.448998 - Index: 15
0.448335 - Index: 52
0.444202 - Index: 130
0.436954 - Index: 39
0.436134 - Index: 81
0.432818 - Index: 73
0.425423 - Index: 90

Reading input file: data/030_template.dat
Reading input file: data/030_AU01_query.dat
0.608824 - Index: 71
0.606073 - Index: 60
0.597212 - Index: 123
0.591164 - Index: 92
0.585663 - Index: 113
0.581734 - Index: 37
0.577992 - Index: 116
0.577353 - Index: 51
0.566872 - Index: 9
0.563799 - Index: 41

Reading input file: data/030_template.dat
Reading input file: data/030_AU12_query.dat
0.619567 - Index: 43
0.614134 - Index: 90
0.596457 - Index: 105
0.564072 - Index: 40
0.562227 - Index: 15
0.560841 - Index: 52
0.558492 - Index: 66
0.557766 - Index: 134
0.553079 - Index: 118
0.551271 - Index: 65

Reading input file: data/030_template.dat
Reading input file: data/030_AU17_query.dat
0.578289 - Index: 107
0.574981 - Index: 124
0.54765 - Index: 133
0.546187 - Index: 38
0.536416 - Index: 135
0.536416 - Index: 136
0.536163 - Index: 73
0.532422 - Index: 117
0.531641 - Index: 11
0.526582 - Index: 114

Reading input file: data/031_template.dat
Reading input file: data/031_AU01_query.dat
0.546914 - Index: 12
0.526095 - Index: 119
0.511377 - Index: 41
0.509389 - Index: 113
0.498194 - Index: 123
0.49318 - Index: 20
0.489258 - Index: 71
0.487977 - Index: 92
0.481588 - Index: 9
0.48158 - Index: 63

Reading input file: data/031_template.dat
Reading input file: data/031_AU12_query.dat
0.579015 - Index: 129
0.565479 - Index: 115
0.553944 - Index: 65
0.526567 - Index: 36
0.524516 - Index: 130
0.518274 - Index: 114
0.508785 - Index: 43
0.507243 - Index: 59
0.506486 - Index: 21
0.502219 - Index: 56

Reading input file: data/031_template.dat
Reading input file: data/031_AU17_query.dat
0.564511 - Index: 124
0.535288 - Index: 130
0.523158 - Index: 88
0.52184 - Index: 114
0.513979 - Index: 83
0.510428 - Index: 73
0.509792 - Index: 62
0.508033 - Index: 11
0.49636 - Index: 9
0.491115 - Index: 63

Reading input file: data/032_template.dat
Reading input file: data/032_AU01_query.dat
0.591164 - Index: 87
0.582252 - Index: 71
0.55448 - Index: 41
0.549484 - Index: 9
0.547503 - Index: 116
0.525703 - Index: 75
0.523566 - Index: 133
0.522187 - Index: 113
0.519536 - Index: 53
0.518723 - Index: 51

Reading input file: data/032_template.dat
Reading input file: data/032_AU12_query.dat
0.614134 - Index: 89
0.591855 - Index: 61
0.578457 - Index: 43
0.571202 - Index: 77
0.567782 - Index: 85
0.564544 - Index: 15
0.563661 - Index: 66
0.557596 - Index: 105
0.548595 - Index: 124
0.543648 - Index: 104

Reading input file: data/032_template.dat
Reading input file: data/032_AU17_query.dat
0.5003 - Index: 50
0.47885 - Index: 64
0.470338 - Index: 126
0.467339 - Index: 114
0.457114 - Index: 52
0.453724 - Index: 43
0.453663 - Index: 65
0.445726 - Index: 107
0.445361 - Index: 92
0.443491 - Index: 74

Reading input file: data/033_template.dat
Reading input file: data/033_AU01_query.dat
0.714235 - Index: 98
0.693287 - Index: 96
0.622835 - Index: 97
0.540139 - Index: 52
0.509898 - Index: 93
0.49458 - Index: 124
0.479541 - Index: 10
0.477053 - Index: 11
0.468655 - Index: 111
0.466458 - Index: 127

Reading input file: data/033_template.dat
Reading input file: data/033_AU12_query.dat
0.663209 - Index: 56
0.589101 - Index: 115
0.586065 - Index: 45
0.577136 - Index: 65
0.576238 - Index: 118
0.571202 - Index: 110
0.568209 - Index: 59
0.554937 - Index: 36
0.548698 - Index: 124
0.533055 - Index: 14

Reading input file: data/033_template.dat
Reading input file: data/033_AU17_query.dat
0.547689 - Index: 64
0.504146 - Index: 130
0.501099 - Index: 124
0.498211 - Index: 129
0.493195 - Index: 58
0.493195 - Index: 57
0.492974 - Index: 88
0.491659 - Index: 59
0.491298 - Index: 114
0.48744 - Index: 39

Reading input file: data/034_template.dat
Reading input file: data/034_AU01_query.dat
0.693287 - Index: 98
0.499574 - Index: 93
0.495116 - Index: 51
0.492961 - Index: 124
0.490785 - Index: 11
0.485453 - Index: 52
0.481602 - Index: 41
0.481313 - Index: 44
0.474838 - Index: 123
0.471982 - Index: 43

Reading input file: data/034_template.dat
Reading input file: data/034_AU12_query.dat
0.714235 - Index: 98
0.533407 - Index: 93
0.526411 - Index: 52
0.494216 - Index: 127
0.492287 - Index: 40
0.490944 - Index: 10
0.471847 - Index: 134
0.467298 - Index: 77
0.466443 - Index: 104
0.461361 - Index: 72

Reading input file: data/034_template.dat
Reading input file: data/034_AU17_query.dat
0.622835 - Index: 98
0.514859 - Index: 124
0.506105 - Index: 52
0.5013 - Index: 132
0.499346 - Index: 107
0.496342 - Index: 50
0.495407 - Index: 133
0.488306 - Index: 51
0.479647 - Index: 88
0.471509 - Index: 38

Reading input file: data/035_template.dat
Reading input file: data/035_AU01_query.dat
0.516093 - Index: 73
0.5066 - Index: 110
0.477733 - Index: 137
0.473862 - Index: 135
0.473862 - Index: 136
0.471863 - Index: 72
0.467363 - Index: 127
0.466009 - Index: 109
0.461905 - Index: 125
0.458461 - Index: 120

Reading input file: data/035_template.dat
Reading input file: data/035_AU12_query.dat
0.478882 - Index: 110
0.467095 - Index: 122
0.457193 - Index: 125
0.454723 - Index: 137
0.454209 - Index: 73
0.450762 - Index: 10
0.446342 - Index: 136
0.446342 - Index: 135
0.445217 - Index: 45
0.435428 - Index: 15

Reading input file: data/035_template.dat
Reading input file: data/035_AU17_query.dat
0.510255 - Index: 109
0.509593 - Index: 73
0.504281 - Index: 71
0.500032 - Index: 133
0.494459 - Index: 110
0.492505 - Index: 120
0.492505 - Index: 121
0.492477 - Index: 136
0.492477 - Index: 135
0.487787 - Index: 82

Reading input file: data/036_template.dat
Reading input file: data/036_AU01_query.dat
0.567499 - Index: 11
0.520643 - Index: 73
0.512785 - Index: 62
0.511998 - Index: 95
0.508645 - Index: 124
0.506061 - Index: 9
0.500933 - Index: 10
0.500659 - Index: 76
0.499357 - Index: 133
0.495422 - Index: 41

Reading input file: data/036_template.dat
Reading input file: data/036_AU12_query.dat
0.627849 - Index: 10
0.543648 - Index: 93
0.539326 - Index: 11
0.53834 - Index: 61
0.53286 - Index: 52
0.528225 - Index: 85
0.522115 - Index: 66
0.520875 - Index: 45
0.512131 - Index: 110
0.510668 - Index: 77

Reading input file: data/036_template.dat
Reading input file: data/036_AU17_query.dat
0.567499 - Index: 11
0.520643 - Index: 73
0.512785 - Index: 62
0.511998 - Index: 95
0.508645 - Index: 124
0.506061 - Index: 9
0.500933 - Index: 10
0.500659 - Index: 76
0.499357 - Index: 133
0.495422 - Index: 41

Reading input file: data/037_template.dat
Reading input file: data/037_AU01_query.dat
0.588797 - Index: 71
0.538747 - Index: 41
0.534325 - Index: 116
0.534193 - Index: 123
0.521733 - Index: 9
0.520368 - Index: 87
0.506306 - Index: 60
0.502886 - Index: 37
0.501659 - Index: 73
0.491411 - Index: 22

Reading input file: data/037_template.dat
Reading input file: data/037_AU12_query.dat
0.604417 - Index: 43
0.596457 - Index: 89
0.557596 - Index: 93
0.555299 - Index: 21
0.549718 - Index: 115
0.542096 - Index: 65
0.536928 - Index: 40
0.535054 - Index: 59
0.529287 - Index: 110
0.497139 - Index: 45

Reading input file: data/037_template.dat
Reading input file: data/037_AU17_query.dat
0.702241 - Index: 108
0.578289 - Index: 88
0.528512 - Index: 73
0.523213 - Index: 11
0.520249 - Index: 124
0.519633 - Index: 52
0.516904 - Index: 89
0.515852 - Index: 136
0.515852 - Index: 135
0.514191 - Index: 83

Reading input file: data/038_template.dat
Reading input file: data/038_AU01_query.dat
0.513305 - Index: 95
0.510255 - Index: 104
0.497339 - Index: 73
0.492974 - Index: 87
0.49183 - Index: 71
0.480004 - Index: 109
0.477979 - Index: 120
0.477979 - Index: 121
0.477613 - Index: 116
0.466009 - Index: 102

Reading input file: data/038_template.dat
Reading input file: data/038_AU12_query.dat
0.620437 - Index: 72
0.571202 - Index: 97
0.570864 - Index: 134
0.555623 - Index: 10
0.54841 - Index: 125
0.546544 - Index: 73
0.540856 - Index: 45
0.540288 - Index: 127
0.539242 - Index: 89
0.532492 - Index: 122

Reading input file: data/038_template.dat
Reading input file: data/038_AU17_query.dat
0.702241 - Index: 110
0.550788 - Index: 73
0.531018 - Index: 126
0.522352 - Index: 88
0.521515 - Index: 97
0.51401 - Index: 72
0.511728 - Index: 52
0.50954 - Index: 134
0.502663 - Index: 135
0.502663 - Index: 136

Reading input file: data/039_template.dat
Reading input file: data/039_AU01_query.dat
0.585663 - Index: 87
0.555755 - Index: 20
0.55489 - Index: 51
0.549901 - Index: 16
0.547065 - Index: 9
0.540187 - Index: 79
0.529402 - Index: 63
0.527924 - Index: 37
0.526827 - Index: 71
0.522187 - Index: 95

Reading input file: data/039_template.dat
Reading input file: data/039_AU12_query.dat
0.549457 - Index: 132
0.543852 - Index: 73
0.536226 - Index: 133
0.523454 - Index: 76
0.514969 - Index: 121
0.514969 - Index: 120
0.514869 - Index: 136
0.514869 - Index: 135
0.511238 - Index: 72
0.50992 - Index: 10

Reading input file: data/039_template.dat
Reading input file: data/039_AU17_query.dat
0.575807 - Index: 133
0.567954 - Index: 132
0.54212 - Index: 121
0.54212 - Index: 120
0.527392 - Index: 73
0.522452 - Index: 76
0.510396 - Index: 50
0.503543 - Index: 41
0.503 - Index: 117
0.501151 - Index: 124

Reading input file: data/040_template.dat
Reading input file: data/040_AU01_query.dat
0.607168 - Index: 71
0.585719 - Index: 41
0.577992 - Index: 87
0.547503 - Index: 95
0.540073 - Index: 123
0.534325 - Index: 109
0.533478 - Index: 9
0.532692 - Index: 75
0.527526 - Index: 119
0.524027 - Index: 117

Reading input file: data/040_template.dat
Reading input file: data/040_AU12_query.dat
0.671814 - Index: 65
0.623496 - Index: 129
0.61228 - Index: 59
0.589101 - Index: 97
0.588473 - Index: 21
0.579039 - Index: 43
0.575838 - Index: 56
0.565479 - Index: 92
0.56424 - Index: 126
0.556657 - Index: 40

Reading input file: data/040_template.dat
Reading input file: data/040_AU17_query.dat
0.639146 - Index: 130
0.591639 - Index: 129
0.570033 - Index: 39
0.555359 - Index: 65
0.53165 - Index: 43
0.530601 - Index: 126
0.526582 - Index: 88
0.526262 - Index: 11
0.525085 - Index: 29
0.52184 - Index: 91

Reading input file: data/041_template.dat
Reading input file: data/041_AU01_query.dat
0.541508 - Index: 41
0.527526 - Index: 119
0.526095 - Index: 90
0.52069 - Index: 20
0.517741 - Index: 123
0.506127 - Index: 49
0.499927 - Index: 131
0.491833 - Index: 71
0.488121 - Index: 124
0.48765 - Index: 116

Reading input file: data/041_template.dat
Reading input file: data/041_AU12_query.dat
0.585124 - Index: 66
0.576238 - Index: 97
0.553079 - Index: 89
0.539396 - Index: 93
0.538823 - Index: 77
0.519957 - Index: 14
0.514822 - Index: 118
0.511268 - Index: 43
0.507055 - Index: 113
0.505468 - Index: 134

Reading input file: data/041_template.dat
Reading input file: data/041_AU17_query.dat
0.543933 - Index: 89
0.543608 - Index: 124
0.537432 - Index: 93
0.532422 - Index: 88
0.524027 - Index: 119
0.517999 - Index: 50
0.510469 - Index: 73
0.505043 - Index: 135
0.505043 - Index: 136
0.503 - Index: 115

Reading input file: data/042_template.dat
Reading input file: data/042_AU01_query.dat
0.54212 - Index: 115
0.514969 - Index: 114
0.50878 - Index: 71
0.497088 - Index: 51
0.492505 - Index: 104
0.478113 - Index: 41
0.477979 - Index: 112
0.474198 - Index: 73
0.471077 - Index: 95
0.467715 - Index: 124

Reading input file: data/042_template.dat
Reading input file: data/042_AU12_query.dat
0.561381 - Index: 45
0.546962 - Index: 52
0.532492 - Index: 113
0.5132 - Index: 89
0.505237 - Index: 134
0.503662 - Index: 107
0.501253 - Index: 43
0.496904 - Index: 124
0.490189 - Index: 10
0.488489 - Index: 93

Reading input file: data/042_template.dat
Reading input file: data/042_AU17_query.dat
0.54212 - Index: 115
0.514969 - Index: 114
0.50878 - Index: 71
0.497088 - Index: 51
0.492505 - Index: 104
0.478113 - Index: 41
0.477979 - Index: 112
0.474198 - Index: 73
0.471077 - Index: 95
0.467715 - Index: 124

Reading input file: data/043_template.dat
Reading input file: data/043_AU01_query.dat
0.597212 - Index: 87
0.583623 - Index: 71
0.564557 - Index: 41
0.540504 - Index: 9
0.540073 - Index: 119
0.534193 - Index: 109
0.529426 - Index: 51
0.527469 - Index: 55
0.527469 - Index: 54
0.521236 - Index: 116

Reading input file: data/043_template.dat
Reading input file: data/043_AU12_query.dat
0.721561 - Index: 127
0.582415 - Index: 10
0.561974 - Index: 52
0.54841 - Index: 113
0.532134 - Index: 72
0.507692 - Index: 137
0.505482 - Index: 40
0.503313 - Index: 15
0.500309 - Index: 73
0.497711 - Index: 43

Reading input file: data/043_template.dat
Reading input file: data/043_AU17_query.dat
0.584594 - Index: 73
0.578885 - Index: 11
0.574981 - Index: 88
0.564511 - Index: 91
0.562782 - Index: 135
0.562782 - Index: 136
0.548698 - Index: 97
0.548595 - Index: 93
0.548446 - Index: 41
0.547381 - Index: 133

Reading input file: data/044_template.dat
Reading input file: data/044_AU01_query.dat
0.505945 - Index: 54
0.505945 - Index: 55
0.493109 - Index: 73
0.485078 - Index: 110
0.483563 - Index: 72
0.48241 - Index: 136
0.48241 - Index: 135
0.482314 - Index: 111
0.463233 - Index: 45
0.458951 - Index: 56

Reading input file: data/044_template.dat
Reading input file: data/044_AU12_query.dat
0.721561 - Index: 128
0.584869 - Index: 10
0.567256 - Index: 52
0.567225 - Index: 15
0.545441 - Index: 137
0.540288 - Index: 113
0.527904 - Index: 72
0.524107 - Index: 43
0.511517 - Index: 40
0.503595 - Index: 5

Reading input file: data/044_template.dat
Reading input file: data/044_AU17_query.dat
0.56424 - Index: 118
0.534043 - Index: 52
0.531018 - Index: 111
0.530601 - Index: 117
0.512137 - Index: 129
0.504087 - Index: 56
0.503337 - Index: 65
0.501163 - Index: 39
0.496021 - Index: 110
0.493964 - Index: 43

Reading input file: data/045_template.dat
Reading input file: data/045_AU01_query.dat
0.542508 - Index: 71
0.53761 - Index: 87
0.505574 - Index: 37
0.505421 - Index: 41
0.503661 - Index: 79
0.502946 - Index: 20
0.499927 - Index: 122
0.496508 - Index: 51
0.496223 - Index: 119
0.495547 - Index: 133

Reading input file: data/045_template.dat
Reading input file: data/045_AU12_query.dat
0.623496 - Index: 118
0.591639 - Index: 117
0.579015 - Index: 92
0.57686 - Index: 65
0.568127 - Index: 39
0.556876 - Index: 59
0.532998 - Index: 43
0.530613 - Index: 21
0.526997 - Index: 97
0.524861 - Index: 89

Reading input file: data/045_template.dat
Reading input file: data/045_AU17_query.dat
0.639146 - Index: 117
0.546602 - Index: 39
0.543563 - Index: 118
0.54179 - Index: 58
0.54179 - Index: 57
0.535288 - Index: 91
0.532777 - Index: 8
0.530379 - Index: 11
0.524516 - Index: 92
0.520495 - Index: 88

Reading input file: data/046_template.dat
Reading input file: data/046_AU01_query.dat
0.575807 - Index: 115
0.55707 - Index: 73
0.54765 - Index: 88
0.547381 - Index: 127
0.54641 - Index: 71
0.540196 - Index: 135
0.540196 - Index: 136
0.536226 - Index: 114
0.523566 - Index: 95
0.521045 - Index: 50

Reading input file: data/046_template.dat
Reading input file: data/046_AU12_query.dat
0.570864 - Index: 113
0.566093 - Index: 40
0.559058 - Index: 72
0.557766 - Index: 89
0.546883 - Index: 45
0.544713 - Index: 15
0.542533 - Index: 77
0.541067 - Index: 52
0.532339 - Index: 97
0.529014 - Index: 56

Reading input file: data/046_template.dat
Reading input file: data/046_AU17_query.dat
0.567954 - Index: 115
0.552427 - Index: 76
0.549457 - Index: 114
0.537691 - Index: 73
0.529631 - Index: 50
0.524432 - Index: 127
0.523744 - Index: 136
0.523744 - Index: 135
0.50525 - Index: 71
0.5013 - Index: 100

Reading input file: data/047_template.dat
Reading input file: data/047_AU01_query.dat
0.577252 - Index: 73
0.562782 - Index: 127
0.547188 - Index: 55
0.547188 - Index: 54
0.546677 - Index: 38
0.540196 - Index: 136
0.536416 - Index: 88
0.524468 - Index: 11
0.523744 - Index: 135
0.515852 - Index: 110

Reading input file: data/047_template.dat
Reading input file: data/047_AU12_query.dat
0.545441 - Index: 130
0.520178 - Index: 113
0.512643 - Index: 10
0.507692 - Index: 128
0.502676 - Index: 72
0.477733 - Index: 102
0.467456 - Index: 15
0.463592 - Index: 66
0.462002 - Index: 114
0.460051 - Index: 73

Reading input file: data/047_template.dat
Reading input file: data/047_AU17_query.dat
0.577252 - Index: 73
0.562782 - Index: 127
0.547188 - Index: 55
0.547188 - Index: 54
0.546677 - Index: 38
0.540196 - Index: 136
0.536416 - Index: 88
0.524468 - Index: 11
0.523744 - Index: 135
0.515852 - Index: 110

Time taken: 52.22s
kozmacm@saluda:~/350$ exit
logout
